

  Data for ANEOS number  -1   library number    0  type 99     ver 09/30/13

  Pyrolite_ANEOS_SLVTv0.2                                 RHUG= 2.94000D+00
                                                          THUG= 2.56800D-02

  IN( 1)= 6.000000000D+00  IN(17)= 0.000000000D+00  IN(33)= 0.000000000D+00
  IN( 2)= 4.000000000D+00  IN(18)= 0.000000000D+00  IN(34)= 0.000000000D+00
  IN( 3)= 3.350000000D+00  IN(19)= 0.000000000D+00  IN(35)= 0.000000000D+00
  IN( 4)= 2.980000000D+02  IN(20)= 0.000000000D+00  IN(36)= 2.000000000D+00
  IN( 5)= 1.000000000D+06  IN(21)= 0.000000000D+00  IN(37)= 4.250000000D+00
  IN( 6)= 9.500000000D+11  IN(22)= 0.000000000D+00  IN(38)= 2.000000000D+00
  IN( 7)= 8.500000000D-01  IN(23)= 1.450000000D+10  IN(39)= 1.500000000D-08
  IN( 8)=-1.500000000D+03  IN(24)= 9.000000000D-01  IN(40)= 1.000000000D+00
  IN( 9)= 1.000000000D+00  IN(25)= 0.000000000D+00  IN(41)= 2.000000000D+03
  IN(10)= 4.500000000D+00  IN(26)= 0.000000000D+00  IN(42)= 1.000000000D+00
  IN(11)= 1.900000000D+11  IN(27)= 3.000000000D-01  IN(43)= 1.700000000D+00
  IN(12)= 2.163000000D+03  IN(28)= 1.000000000D-01  IN(44)= 1.370000000D+00
  IN(13)= 0.000000000D+00  IN(29)= 2.000000000D-01  IN(45)= 1.000000000D-30
  IN(14)= 0.000000000D+00  IN(30)= 0.000000000D+00  IN(46)= 1.000000000D+05
  IN(15)= 0.000000000D+00  IN(31)=-8.000000000D-01  IN(47)= 0.000000000D+00
  IN(16)= 0.000000000D+00  IN(32)= 5.000000000D-01  IN(48)= 0.000000000D+00

  N0= 0.28841D+23 Mean atomic weight= 0.20884D+02
  Z( 1)=  8.  number fraction( 1)= 5.86300D-01  atoms/gram( 1)= 1.69096D+22
  Z( 2)= 12.  number fraction( 2)= 2.02200D-01  atoms/gram( 2)= 5.83170D+21
  Z( 3)= 13.  number fraction( 3)= 1.98000D-02  atoms/gram( 3)= 5.71057D+20
  Z( 4)= 14.  number fraction( 4)= 1.62700D-01  atoms/gram( 4)= 4.69247D+21
  Z( 5)= 20.  number fraction( 5)= 8.70000D-03  atoms/gram( 5)= 2.50919D+20
  Z( 6)= 26.  number fraction( 6)= 2.03000D-02  atoms/gram( 6)= 5.85478D+20


NEW: Cv adjust, QCC1, QCC6=   0.137000D+01   0.100000D-29   0.100000D+06


 WARNING message from ANEOS package - eos number    -1

 IN(17) has been increased from 2.68000D+00 to 2.72397D+00 for the melt transition



  REFERENCE POINT CONDITIONS

  T=   2.567717D-02      RHO=    3.350000D+00      P=   9.999996D+05
  E=   5.217204D+08      DPDT=   1.866440D+11      CV=  6.659252D+10
  S=   2.591759D+10      DPDR=   2.835821D+11      B0=  9.500000D+11
  CS=  5.336469D+05      GAMMA=  8.366499D-01


  TWO-PHASE CALCULATION FOR MATERIAL     1

  CRITICAL POINT
  RHO=  4.2510427D-01       T=  5.6487489D-01         P=  2.3094244D+09
  E=  2.0001476D+11         S=  7.9875830D+11         NTY=  127


  TWO-PHASE BOUNDARIES
       T         RHOLIQ        RHOVAP        PLIQ         PVAP        ELIQ         EVAP         SLIQ         SVAP        GLIQ         GVAP         PSILIQ      PSIVAP         NTY
       K         kg/m**3       kg/m**3       GPa          GPa         J/kg         J/kg        J/kg-K       J/kg-K       J/kg         J/kg

  6.55573D+03  4.25104D+02  4.25104D+02  2.30942D-01  2.30942D-01  2.00015D+07  2.00015D+07  6.88290D+03  6.88290D+03 -2.45751D+07 -2.45751D+07  1.24352D-01  1.24352D-01      0
  6.48252D+03  6.16386D+02  2.60608D+02  2.11086D-01  2.11086D-01  1.84245D+07  2.13400D+07  6.61648D+03  7.13838D+03 -2.41220D+07 -2.41220D+07  8.86582D-02  1.36420D-01     11
  6.40931D+03  7.20348D+02  2.14375D+02  1.93854D-01  1.93854D-01  1.75936D+07  2.16776D+07  6.48036D+03  7.21669D+03 -2.36695D+07 -2.36695D+07  7.81268D-02  1.43800D-01     10
  6.33610D+03  8.03209D+02  1.81448D+02  1.77719D-01  1.77719D-01  1.69421D+07  2.19002D+07  6.37403D+03  7.27628D+03 -2.32208D+07 -2.32208D+07  7.06622D-02  1.49128D-01      9
  6.26289D+03  8.76342D+02  1.56023D+02  1.62635D-01  1.62635D-01  1.63765D+07  2.20561D+07  6.28153D+03  7.32525D+03 -2.27761D+07 -2.27761D+07  6.46959D-02  1.53232D-01      9
  6.18967D+03  9.43430D+02  1.35499D+02  1.48558D-01  1.48558D-01  1.58662D+07  2.21670D+07  6.19761D+03  7.36732D+03 -2.23353D+07 -2.23353D+07  5.96910D-02  1.56501D-01      8
  6.11646D+03  1.00623D+03  1.18463D+02  1.35439D-01  1.35439D-01  1.53960D+07  2.22451D+07  6.11973D+03  7.40449D+03 -2.18983D+07 -2.18983D+07  5.53783D-02  1.59153D-01      8
  6.04325D+03  1.06572D+03  1.04053D+02  1.23236D-01  1.23236D-01  1.49572D+07  2.22978D+07  6.04643D+03  7.43803D+03 -2.14651D+07 -2.14651D+07  5.15973D-02  1.61326D-01      8
  5.97004D+03  1.12255D+03  9.16970D+01  1.11901D-01  1.11901D-01  1.45442D+07  2.23302D+07  5.97678D+03  7.46876D+03 -2.10357D+07 -2.10357D+07  4.82419D-02  1.63116D-01      7
  5.89682D+03  1.17712D+03  8.09952D+01  1.01394D-01  1.01394D-01  1.41530D+07  2.23457D+07  5.91015D+03  7.49727D+03 -2.06100D+07 -2.06100D+07  4.52371D-02  1.64591D-01      7
  5.82361D+03  1.22975D+03  7.16547D+01  9.16693D-02  9.16693D-02  1.37808D+07  2.23471D+07  5.84608D+03  7.52401D+03 -2.01880D+07 -2.01880D+07  4.25270D-02  1.65803D-01      7
  5.75040D+03  1.28063D+03  6.34536D+01  8.26869D-02  8.26869D-02  1.34255D+07  2.23363D+07  5.78422D+03  7.54931D+03 -1.97696D+07 -1.97696D+07  4.00687D-02  1.66793D-01      7
  5.67719D+03  1.32996D+03  5.62193D+01  7.44060D-02  7.44060D-02  1.30852D+07  2.23150D+07  5.72431D+03  7.57345D+03 -1.93549D+07 -1.93549D+07  3.78280D-02  1.67593D-01      7
  5.60398D+03  1.37785D+03  4.98147D+01  6.67870D-02  6.67870D-02  1.27587D+07  2.22844D+07  5.66612D+03  7.59664D+03 -1.89438D+07 -1.89438D+07  3.57773D-02  1.68230D-01      6
  5.53076D+03  1.42440D+03  4.41286D+01  5.97918D-02  5.97918D-02  1.24447D+07  2.22456D+07  5.60948D+03  7.61906D+03 -1.85362D+07 -1.85362D+07  3.38936D-02  1.68725D-01      6
  5.45755D+03  1.46972D+03  3.90692D+01  5.33833D-02  5.33833D-02  1.21423D+07  2.21996D+07  5.55424D+03  7.64089D+03 -1.81322D+07 -1.81322D+07  3.21579D-02  1.69098D-01      6
  5.38434D+03  1.51386D+03  3.45604D+01  4.75255D-02  4.75255D-02  1.18506D+07  2.21470D+07  5.50027D+03  7.66224D+03 -1.77316D+07 -1.77316D+07  3.05539D-02  1.69365D-01      6
  5.31113D+03  1.55689D+03  3.05374D+01  4.21840D-02  4.21840D-02  1.15690D+07  2.20886D+07  5.44747D+03  7.68326D+03 -1.73344D+07 -1.73344D+07  2.90677D-02  1.69539D-01      6
  5.23791D+03  1.59886D+03  2.69455D+01  3.73252D-02  3.73252D-02  1.12967D+07  2.20249D+07  5.39574D+03  7.70405D+03 -1.69407D+07 -1.69407D+07  2.76874D-02  1.69631D-01      6
  5.16470D+03  1.63982D+03  2.37373D+01  3.29187D-02  3.29172D-02  1.10333D+07  2.19565D+07  5.34500D+03  7.72473D+03 -1.65504D+07 -1.65504D+07  2.64024D-02  1.69654D-01      5
  5.09149D+03  1.67980D+03  2.08718D+01  2.89297D-02  2.89290D-02  1.07780D+07  2.18838D+07  5.29515D+03  7.74538D+03 -1.61634D+07 -1.61634D+07  2.52038D-02  1.69616D-01      5
  5.01828D+03  1.71885D+03  1.83131D+01  2.53313D-02  2.53310D-02  1.05306D+07  2.18073D+07  5.24615D+03  7.76610D+03 -1.57797D+07 -1.57797D+07  2.40833D-02  1.69525D-01      5
  4.94507D+03  1.75700D+03  1.60299D+01  2.20951D-02  2.20950D-02  1.02906D+07  2.17273D+07  5.19791D+03  7.78700D+03 -1.53994D+07 -1.53994D+07  2.30340D-02  1.69390D-01      5
  4.87185D+03  1.79428D+03  1.39943D+01  1.91939D-02  1.91938D-02  1.00575D+07  2.16442D+07  5.15038D+03  7.80817D+03 -1.50223D+07 -1.50223D+07  2.20495D-02  1.69216D-01      5
  4.79864D+03  1.83072D+03  1.21817D+01  1.66017D-02  1.66017D-02  9.83094D+06  2.15585D+07  5.10350D+03  7.82970D+03 -1.46484D+07 -1.46484D+07  2.11241D-02  1.69010D-01      5
  4.72543D+03  1.86634D+03  1.05700D+01  1.42940D-02  1.42940D-02  9.61067D+06  2.14703D+07  5.05722D+03  7.85168D+03 -1.42778D+07 -1.42778D+07  2.02529D-02  1.68778D-01      5
  4.65222D+03  1.90117D+03  9.13945D+00  1.22475D-02  1.22475D-02  9.39634D+06  2.13801D+07  5.01148D+03  7.87423D+03 -1.39104D+07 -1.39104D+07  1.94313D-02  1.68524D-01      5
  4.57900D+03  1.93523D+03  7.87242D+00  1.04398D-02  1.04398D-02  9.18763D+06  2.12881D+07  4.96625D+03  7.89745D+03 -1.35461D+07 -1.35461D+07  1.86553D-02  1.68255D-01      5
  4.50579D+03  1.96855D+03  6.75288D+00  8.85017D-03  8.85017D-03  8.98428D+06  2.11947D+07  4.92147D+03  7.92146D+03 -1.31851D+07 -1.31851D+07  1.79213D-02  1.67974D-01      5
  4.43258D+03  2.00115D+03  5.76635D+00  7.45866D-03  7.45866D-03  8.78603D+06  2.11002D+07  4.87710D+03  7.94636D+03 -1.28271D+07 -1.28271D+07  1.72258D-02  1.67685D-01      5
  4.35937D+03  2.03306D+03  4.89972D+00  6.24666D-03  6.24666D-03  8.59262D+06  2.10050D+07  4.83309D+03  7.97230D+03 -1.24723D+07 -1.24723D+07  1.65660D-02  1.67394D-01      5
  4.28616D+03  2.06428D+03  4.14104D+00  5.19660D-03  5.19660D-03  8.40383D+06  2.09092D+07  4.78941D+03  7.99942D+03 -1.21206D+07 -1.21206D+07  1.59392D-02  1.67103D-01      5
  4.21294D+03  2.09484D+03  3.47943D+00  4.29733D-03  4.29207D-03  8.21944D+06  2.08134D+07  4.74602D+03  8.02787D+03 -1.17720D+07 -1.17720D+07  1.53428D-02  1.66818D-01      4
  4.13973D+03  2.12475D+03  2.90496D+00  3.52056D-03  3.51767D-03  8.03925D+06  2.07178D+07  4.70287D+03  8.05782D+03 -1.14266D+07 -1.14266D+07  1.47746D-02  1.66542D-01      4
  4.06652D+03  2.15404D+03  2.40855D+00  2.86065D-03  2.85911D-03  7.86306D+06  2.06228D+07  4.65992D+03  8.08946D+03 -1.10842D+07 -1.10842D+07  1.42327D-02  1.66279D-01      4
  3.99331D+03  2.18273D+03  1.98188D+00  2.30388D-03  2.30307D-03  7.69070D+06  2.05289D+07  4.61715D+03  8.12301D+03 -1.07449D+07 -1.07449D+07  1.37150D-02  1.66033D-01      4
  3.92009D+03  2.21082D+03  1.61732D+00  1.83767D-03  1.83727D-03  7.52198D+06  2.04363D+07  4.57450D+03  8.15869D+03 -1.04086D+07 -1.04086D+07  1.32199D-02  1.65809D-01      4
  3.84688D+03  2.23834D+03  1.30789D+00  1.45056D-03  1.45036D-03  7.35676D+06  2.03458D+07  4.53196D+03  8.19677D+03 -1.00755D+07 -1.00755D+07  1.27459D-02  1.65611D-01      4
  3.77367D+03  2.26530D+03  1.04718D+00  1.13195D-03  1.13195D-03  7.19486D+06  2.02576D+07  4.48947D+03  8.23754D+03 -9.74541D+06 -9.74541D+06  1.22915D-02  1.65445D-01      5
  3.70046D+03  2.29171D+03  8.29315D-01  8.72560D-04  8.72560D-04  7.03616D+06  2.01724D+07  4.44700D+03  8.28133D+03 -9.41842D+06 -9.41842D+06  1.18554D-02  1.65314D-01      5
  3.62724D+03  2.31759D+03  6.48908D-01  6.63585D-04  6.63585D-04  6.88052D+06  2.00908D+07  4.40451D+03  8.32854D+03 -9.09452D+06 -9.09452D+06  1.14364D-02  1.65226D-01      5
  3.55403D+03  2.34296D+03  5.01041D-01  4.97275D-04  4.97267D-04  6.72780D+06  2.00134D+07  4.36198D+03  8.37957D+03 -8.77370D+06 -8.77370D+06  1.10333D-02  1.65186D-01      4
  3.48082D+03  2.36782D+03  3.81226D-01  3.66666D-04  3.66666D-04  6.57788D+06  1.99410D+07  4.31935D+03  8.43493D+03 -8.45599D+06 -8.45599D+06  1.06451D-02  1.65201D-01      5
  3.40761D+03  2.39220D+03  2.85381D-01  2.65622D-04  2.65622D-04  6.43066D+06  1.98744D+07  4.27661D+03  8.49517D+03 -8.14139D+06 -8.14139D+06  1.02709D-02  1.65278D-01      5
  3.33440D+03  2.41609D+03  2.09809D-01  1.88718D-04  1.88718D-04  6.28602D+06  1.98145D+07  4.23370D+03  8.56094D+03 -7.82991D+06 -7.82991D+06  9.90983D-03  1.65425D-01      4
  3.26118D+03  2.43952D+03  1.51185D-01  1.31242D-04  1.31242D-04  6.14386D+06  1.97624D+07  4.19059D+03  8.63296D+03 -7.52157D+06 -7.52157D+06  9.56100D-03  1.65650D-01      5
  3.20685D+03  2.45658D+03  1.18047D-01  1.00000D-04  1.00000D-04  6.04012D+06  1.97303D+07  4.15842D+03  8.69168D+03 -7.29508D+06 -7.29508D+06  9.31068D-03  1.65882D-01      0
  3.18797D+03  2.46250D+03  1.06533D-01  8.91450D-05  8.91450D-05  6.00408D+06  1.97191D+07  4.14724D+03  8.71209D+03 -7.21639D+06 -7.21639D+06  9.22370D-03  1.65963D-01      5
  3.11476D+03  2.48504D+03  7.32229D-02  5.89983D-05  5.89983D-05  5.86660D+06  1.96859D+07  4.10361D+03  8.79929D+03 -6.91439D+06 -6.91439D+06  8.89722D-03  1.66372D-01      5
  3.04155D+03  2.50714D+03  4.89492D-02  3.79435D-05  3.79435D-05  5.73134D+06  1.96643D+07  4.05966D+03  8.89567D+03 -6.61559D+06 -6.61559D+06  8.58089D-03  1.66886D-01      5
  2.96833D+03  2.52882D+03  3.17243D-02  2.36436D-05  2.36436D-05  5.59821D+06  1.96557D+07  4.01536D+03  9.00252D+03 -6.32001D+06 -6.32001D+06  8.27412D-03  1.67513D-01      6
  2.89512D+03  2.55008D+03  1.98630D-02  1.42290D-05  1.42290D-05  5.46713D+06  1.96617D+07  3.97064D+03  9.12129D+03 -6.02770D+06 -6.02770D+06  7.97634D-03  1.68259D-01      9
  2.85852D+03  2.56057D+03  1.54964D-02  1.08835D-05  1.08835D-05  5.40235D+06  1.96707D+07  3.94812D+03  9.18566D+03 -5.88277D+06 -5.88277D+06  7.83065D-03  1.68678D-01      5
  2.82191D+03  2.57095D+03  1.19682D-02  8.24174D-06  8.24174D-06  5.33805D+06  1.96841D+07  3.92548D+03  9.25364D+03 -5.73867D+06 -5.73867D+06  7.68701D-03  1.69126D-01      7
  2.78530D+03  2.58123D+03  9.14555D-03  6.17612D-06  6.17612D-06  5.27424D+06  1.97021D+07  3.90272D+03  9.32548D+03 -5.59539D+06 -5.59539D+06  7.54536D-03  1.69604D-01      7
  2.74870D+03  2.59142D+03  6.91090D-03  4.57780D-06  4.57780D-06  5.21091D+06  1.97249D+07  3.87983D+03  9.40144D+03 -5.45296D+06 -5.45296D+06  7.40564D-03  1.70110D-01      7
  2.71209D+03  2.60151D+03  5.16135D-03  3.35453D-06  3.35453D-06  5.14804D+06  1.97527D+07  3.85680D+03  9.48178D+03 -5.31136D+06 -5.31136D+06  7.26780D-03  1.70641D-01      9
  2.67549D+03  2.61151D+03  3.80759D-03  2.42901D-06  2.42901D-06  5.08563D+06  1.97858D+07  3.83364D+03  9.56679D+03 -5.17061D+06 -5.17061D+06  7.13177D-03  1.71196D-01      7
  2.63888D+03  2.62141D+03  2.77299D-03  1.73716D-06  1.73716D-06  5.02367D+06  1.98244D+07  3.81032D+03  9.65675D+03 -5.03071D+06 -5.03071D+06  6.99751D-03  1.71770D-01      7
  2.60227D+03  2.63122D+03  1.99256D-03  1.22645D-06  1.22645D-06  4.96217D+06  1.98687D+07  3.78685D+03  9.75199D+03 -4.89167D+06 -4.89167D+06  6.86496D-03  1.72358D-01      8
  2.56567D+03  2.64093D+03  1.41187D-03  8.54391D-07  8.54391D-07  4.90111D+06  1.99189D+07  3.76321D+03  9.85282D+03 -4.75349D+06 -4.75349D+06  6.73407D-03  1.72955D-01      8
  2.52906D+03  2.65056D+03  9.85954D-04  5.87018D-07  5.87018D-07  4.84048D+06  1.99753D+07  3.73941D+03  9.95957D+03 -4.61617D+06 -4.61617D+06  6.60480D-03  1.73551D-01      8
  2.49246D+03  2.66009D+03  6.78214D-04  3.97591D-07  3.97591D-07  4.78028D+06  2.00381D+07  3.71544D+03  1.00726D+04 -4.47973D+06 -4.47973D+06  6.47709D-03  1.74138D-01      9
  2.45585D+03  2.66953D+03  4.59303D-04  2.65351D-07  2.65351D-07  4.72052D+06  2.01072D+07  3.69128D+03  1.01922D+04 -4.34418D+06 -4.34418D+06  6.35091D-03  1.74705D-01     11
  2.41924D+03  2.67889D+03  3.06085D-04  1.74428D-07  1.74428D-07  4.66117D+06  2.01829D+07  3.66693D+03  1.03188D+04 -4.20951D+06 -4.20951D+06  6.22620D-03  1.75238D-01      9
  2.38264D+03  2.68816D+03  2.00629D-04  1.12888D-07  1.12888D-07  4.60224D+06  2.02652D+07  3.64238D+03  1.04527D+04 -4.07573D+06 -4.07573D+06  6.10292D-03  1.75723D-01      9
  2.34603D+03  2.69733D+03  1.29291D-04  7.19028D-08  7.19028D-08  4.54372D+06  2.03542D+07  3.61763D+03  1.05943D+04 -3.94286D+06 -3.94286D+06  5.98104D-03  1.76143D-01      8
  2.30942D+03  2.70643D+03  8.18823D-05  4.50552D-08  4.50552D-08  4.48562D+06  2.04498D+07  3.59267D+03  1.07440D+04 -3.81089D+06 -3.81089D+06  5.86050D-03  1.76479D-01      9
  2.27282D+03  2.71543D+03  5.09448D-05  2.77643D-08  2.77643D-08  4.42792D+06  2.05518D+07  3.56748D+03  1.09019D+04 -3.67985D+06 -3.67985D+06  5.74128D-03  1.76711D-01      9
  2.23621D+03  2.72436D+03  3.11278D-05  1.68196D-08  1.68196D-08  4.37062D+06  2.06602D+07  3.54207D+03  1.10686D+04 -3.54973D+06 -3.54973D+06  5.62333D-03  1.76819D-01      8
  2.19961D+03  2.73319D+03  1.86722D-05  1.00132D-08  1.00132D-08  4.31373D+06  2.07745D+07  3.51641D+03  1.12442D+04 -3.42054D+06 -3.42054D+06  5.50661D-03  1.76780D-01      6
  2.16300D+03  2.74195D+03  1.09927D-05  2.44878D-10  5.85606D-09  4.25723D+06  2.08944D+07  3.49051D+03  1.14290D+04 -3.29230D+06 -3.29230D+06  5.39109D-03  1.76572D-01      8
  2.14137D+03  3.05123D+03  7.73880D-06  4.11502D-09  4.11502D-09  2.76909D+06  2.09858D+07  2.80238D+03  1.15582D+04 -3.23150D+06 -3.23150D+06  4.52865D-03  1.75972D-01      7
  2.06927D+03  3.06648D+03  2.28347D-06  1.20931D-09  1.20931D-09  2.64262D+06  2.13024D+07  2.74230D+03  1.20163D+04 -3.03161D+06 -3.03161D+06  4.34870D-03  1.72999D-01     11
  1.99717D+03  3.08148D+03  6.22581D-07  3.29033D-10  3.29031D-10  2.51713D+06  2.16276D+07  2.68058D+03  1.25145D+04 -2.83612D+06 -2.83612D+06  4.17117D-03  1.68409D-01      8
  1.92507D+03  3.09623D+03  1.56445D-07  8.25205D-11  8.25146D-11  2.39263D+06  2.19452D+07  2.61708D+03  1.30485D+04 -2.64514D+06 -2.64514D+06  3.99593D-03  1.62188D-01     11
  1.85297D+03  3.11075D+03  3.60719D-08  1.89485D-11  1.89518D-11  2.26912D+06  2.22365D+07  2.55169D+03  1.36117D+04 -2.45881D+06 -2.45881D+06  3.82285D-03  1.54507D-01     12
  1.78087D+03  3.12504D+03  7.57871D-09  3.96019D-12  3.95240D-12  2.14658D+06  2.24839D+07  2.48423D+03  1.41976D+04 -2.27726D+06 -2.27726D+06  3.65179D-03  1.45708D-01     10
  1.70877D+03  3.13908D+03  1.43659D-09  7.37214D-13  7.40230D-13  2.02504D+06  2.26755D+07  2.41456D+03  1.48018D+04 -2.10065D+06 -2.10065D+06  3.48264D-03  1.36229D-01     12
  1.63667D+03  3.15289D+03  2.42482D-10  1.23024D-13  1.22815D-13  1.90451D+06  2.28073D+07  2.34249D+03  1.54242D+04 -1.92916D+06 -1.92916D+06  3.31528D-03  1.26516D-01     12
  1.56457D+03  3.16646D+03  3.58500D-11  2.66314D-14  1.77568D-14  1.78500D+06  2.28830D+07  2.26782D+03  1.60700D+04 -1.76295D+06 -1.76295D+06  3.14960D-03  1.16950D-01     11
  1.49247D+03  3.17980D+03  4.55076D-12  2.00868D-15  2.19344D-15  1.66657D+06  2.29107D+07  2.19032D+03  1.67483D+04 -1.60222D+06 -1.60222D+06  2.98550D-03  1.07811D-01     14
  1.42037D+03  3.19289D+03  4.84190D-13  1.88947D-15  2.26039D-16  1.54924D+06  2.29000D+07  2.10974D+03  1.74711D+04 -1.44720D+06 -1.44720D+06  2.82288D-03  9.92775D-02     13
  1.34827D+03  3.20574D+03  4.19408D-14  3.37958D-15  1.88767D-17  1.43309D+06  2.28592D+07  2.02582D+03  1.82522D+04 -1.29810D+06 -1.29810D+06  2.66165D-03  9.14446D-02     15
  1.27617D+03  3.21835D+03  2.85378D-15  4.86970D-15  1.23253D-18  1.31819D+06  2.27953D+07  1.93823D+03  1.91070D+04 -1.15518D+06 -1.15518D+06  2.50173D-03  8.43453D-02     13
  1.20407D+03  3.23070D+03  1.45893D-16 -5.33462D-15  6.01663D-20  1.20465D+06  2.27129D+07  1.84665D+03  2.00532D+04 -1.01872D+06 -1.01872D+06  2.34305D-03  7.79723D-02     16
  1.13197D+03  3.24278D+03  5.29717D-18  2.25306D-15  2.07493D-21  1.09260D+06  2.26159D+07  1.75069D+03  2.11119D+04 -8.89012D+05 -8.89012D+05  2.18555D-03  7.22939D-02     13
  1.05987D+03  3.25458D+03  1.27097D-19  3.46899D-15  4.70132D-23  9.82199D+05  2.25069D+07  1.64992D+03  2.23090D+04 -7.66397D+05 -7.66397D+05  2.02918D-03  6.72649D-02     17
  9.87770D+02  3.26608D+03  1.83472D-21  2.42889D-15  6.36821D-25  8.73676D+05  2.23883D+07  1.54388D+03  2.36775D+04 -6.51234D+05 -6.51234D+05  1.87393D-03  6.28341D-02     19
  9.15670D+02  3.27726D+03  1.40758D-23 -2.42591D-15  4.55232D-27  7.67310D+05  2.22620D+07  1.43207D+03  2.52610D+04 -5.43921D+05 -5.43921D+05  1.71979D-03  5.89495D-02     19
  8.43570D+02  3.28808D+03  4.85618D-26  6.55651D-16  1.45201D-29  6.63471D+05  2.21302D+07  1.31397D+03  2.71174D+04 -4.44892D+05 -4.44892D+05  1.56679D-03  5.55634D-02     17
  7.71470D+02  3.29851D+03  2.19310D-34  2.19643D-15  6.72737D-38  5.62647D+05  2.92755D+07  1.18906D+03  3.88072D+04 -3.54621D+05 -3.54621D+05  1.41500D-03  1.00000+100     27
  6.99370D+02  3.30848D+03  1.40391D-38 -6.40452D-15  3.90694D-42  4.65486D+05  2.92349D+07  1.05687D+03  4.25933D+04 -2.73615D+05 -2.73615D+05  1.26457D-03  1.00000+100     31
  6.27270D+02  3.31791D+03  9.61420D-44 -1.21146D-15  2.40057D-47  3.72860D+05  2.91929D+07  9.17154D+02  4.72630D+04 -2.02410D+05 -2.02410D+05  1.11570D-03  1.00000+100     28
  5.55170D+02  3.32669D+03  2.93763D-50  5.33611D-15  6.49277D-54  2.85951D+05  2.91502D+07  7.70075D+02  5.31629D+04 -1.41546D+05 -1.41546D+05  9.68703D-04  1.00000+100     38
  4.83070D+02  3.33468D+03  1.10119D-76  3.59267D-15  1.05893D-80  2.06364D+05  1.92468D+07  6.16692D+02  4.02352D+04 -9.15243D+04 -9.22568D+04  8.24041D-04  1.00000+100     78
  4.10970D+02  3.34168D+03  8.81834D-92  8.44896D-16  7.21429D-96  1.36250D+05  1.92076D+07  4.59820D+02  4.70673D+04 -5.27109D+04 -5.27188D+04  6.82345D-04  1.00000+100     91
  3.38870D+02  3.34741D+03  2.46232-113  1.13614D-14  1.66102-117  7.83680D+04  1.91697D+07  3.05539D+02  5.68463D+04 -2.51641D+04 -2.51811D+04  5.44461D-04  1.00000+100    110
  2.66770D+02  3.35161D+03  1.00000D-97  3.69326D-09  5.31048-102  3.57962D+04  1.91330D+07  1.65385D+02  4.95695D+04 -2.51641D+04 -2.51811D+04  4.11460D-04  1.00000+100     32
  1.94670D+02  3.35406D+03  1.00000D-97  4.38041D-09  3.87521-102  1.06324D+04  1.90969D+07  5.74190D+01  4.94118D+04 -2.51641D+04 -2.51811D+04  2.84659D-04  1.00000+100     33


  DATA ARRAY FOR MATERIAL   1

  C( 1) = 1.000000000+100  C(31) = 1.000000000D+00  C(61) =-8.000000000D-01
  C( 2) = 0.000000000D+00  C(32) = 2.343824931D+13  C(62) = 5.000000000D-01
  C( 3) = 9.597499081D+11  C(33) = 2.563485814D+00  C(63) = 1.000000000D+00
  C( 4) = 6.615102384D+11  C(34) = 2.043057630D+13  C(64) = 0.000000000D+00
  C( 5) = 3.150846642D+00  C(35) =-4.802723756D+13  C(65) = 0.000000000D+00
  C( 6) = 1.700000000D+00  C(36) = 2.940224413D+13  C(66) = 2.000000000D+00
  C( 7) = 0.000000000D+00  C(37) = 3.765731464D+13  C(67) = 4.250000000D+00
  C( 8) = 0.000000000D+00  C(38) = 0.000000000D+00  C(68) = 2.000000000D+00
  C( 9) = 0.000000000D+00  C(39) = 0.000000000D+00  C(69) = 1.500000000D-08
  C(10) = 1.900000000D+11  C(40) = 0.000000000D+00  C(70) = 1.000000000D+00
  C(11) = 3.350000000D+00  C(41) = 0.000000000D+00  C(71) = 1.000000000D+00
  C(12) = 2.567717075D-02  C(42) = 1.000000000D-01  C(72) = 0.000000000D+00
  C(13) = 5.834361045D-05  C(43) =-3.857514904D+10  C(73) = 5.648748947D-01
  C(14) =-2.502654674D-02  C(44) =-1.831445127D+11  C(74) = 4.251042707D-01
  C(15) = 8.500000000D-01  C(45) = 1.831860360D+11  C(75) = 0.000000000D+00
  C(16) =-1.336600579D-01  C(46) = 3.046607904D+00  C(76) = 0.000000000D+00
  C(17) = 6.417910448D-01  C(47) = 2.741947114D+00  C(77) = 0.000000000D+00
  C(18) = 1.863749005D-01  C(48) = 1.377224603D+00  C(78) = 4.112045067D+00
  C(19) = 3.355034516D+00  C(49) = 1.378615835D-01  C(79) = 4.887898836D+01
  C(20) = 1.000000000D+06  C(50) = 9.179518619D-02  C(80) = 4.250000000D+00
  C(21) = 9.500000000D+11  C(51) = 4.238343644D-02  C(81) = 5.000000000D-01
  C(22) = 0.000000000D+00  C(52) = 7.910427657D-01  C(82) = 1.000000000D+00
  C(23) = 2.723972248D+00  C(53) = 0.000000000D+00  C(83) = 1.700000000D+00
  C(24) = 1.500000000D+00  C(54) = 0.000000000D+00  C(84) = 1.000000000D+00
  C(25) =-1.292475038D-01  C(55) = 0.000000000D+00  C(85) = 1.723300051D-01
  C(26) = 1.035380000D+01  C(56) = 0.000000000D+00  C(86) = 2.000000000D+00
  C(27) = 2.884126116D+22  C(57) = 3.000000000D-01  C(87) = 1.000000000D+00
  C(28) = 6.000000000D+00  C(58) = 1.000000000D-01  C(88) = 1.370000000D+00
  C(29) = 2.088380590D+01  C(59) = 2.000000000D-01  C(89) = 1.000000000D-30
  C(30) = 4.000000000D+00  C(60) = 0.000000000D+00  C(90) = 1.000000000D+05

  LOCKP( 1)=   1    LOCKPL( 1)= 100  (two-phase array storage data)


 BOUNDS OF LIQUID/SOLID PHASE TRANSITION
   ENTHALPY OF FUSION (ERG/GM)................... 1.45000D+10
   LOWER LIMIT OF METASTABLE LIQUID ACK(49)...... 1.59997D+03
   MELT TEMPERATURE (TRIPLE POINT) ACK(18)....... 2.16300D+03
   INTERMEDIATE TEMPERATURE ACK(52).............. 9.18056D+03
   MAXIMUM TEMPERATURE ACK(48)................... 1.59836D+04
   SLOPE OF LEFT  BOUNDARY, dT/dRHO ACK(50)...... 1.06534D+00
   SLOPE OF RIGHT BOUNDARY, dT/dRHO ACK(51)...... 4.91887D-01
   MINIMUM DENSITY ACK(23), GM/CC................ 2.72397D+03
   SOLID/MELT DENSITY AT Tm ACK(46), GM/CC....... 0.00000D+00
   LIQUID/VAPOR DENSITY AT Tm ACK(47), GM/CC..... 2.74195D+03



 LIQUID/SOLID PHASE CURVE

       T         RLIQ       RSOLID      PLIQ       PSOLID      ELIQ        ESOLID       SLIQ       SOLID        GLIQ       GSOLID        #ITER
       K        kg/m**3     kg/m**3      GPa         GPa       J/kg         J/kg        J/kg-K     J/kg-K       J/kg        J/kg

  1.6000D+03  1.9920D+03  2.7240D+03 -7.3166D+00 -7.3166D+00  4.9817D+06  2.3890D+06  3.5154D+03  2.5117D+03 -4.3155D+06 -4.3155D+06        19
  1.7876D+03  2.3342D+03  2.8070D+03 -5.5276D+00 -5.5276D+00  4.3897D+06  2.5357D+06  3.4540D+03  2.6399D+03 -4.1524D+06 -4.1524D+06        11
  1.9753D+03  2.5491D+03  2.9184D+03 -3.0954D+00 -3.0954D+00  4.2557D+06  2.6634D+06  3.4677D+03  2.7393D+03 -3.8080D+06 -3.8080D+06         7
  2.1630D+03  2.7419D+03  3.0466D+03  2.4488D-10  2.4488D-10  4.2572D+06  2.8072D+06  3.4905D+03  2.8201D+03 -3.2923D+06 -3.2923D+06         1
  2.2067D+03  2.7855D+03  3.0784D+03  8.2331D-01  8.2331D-01  4.2720D+06  2.8453D+06  3.4962D+03  2.8369D+03 -3.1471D+06 -3.1471D+06         3
  2.2513D+03  2.8297D+03  3.1114D+03  1.7055D+00  1.7055D+00  4.2920D+06  2.8863D+06  3.5020D+03  2.8534D+03 -2.9889D+06 -2.9889D+06         4
  2.2968D+03  2.8746D+03  3.1458D+03  2.6507D+00  2.6507D+00  4.3176D+06  2.9307D+06  3.5080D+03  2.8695D+03 -2.8169D+06 -2.8169D+06         4
  2.3432D+03  2.9203D+03  3.1814D+03  3.6635D+00  3.6635D+00  4.3489D+06  2.9788D+06  3.5141D+03  2.8854D+03 -2.6302D+06 -2.6302D+06         4
  2.3905D+03  2.9668D+03  3.2185D+03  4.7487D+00  4.7487D+00  4.3862D+06  3.0309D+06  3.5204D+03  2.9010D+03 -2.4281D+06 -2.4281D+06         4
  2.4388D+03  3.0141D+03  3.2569D+03  5.9116D+00  5.9116D+00  4.4298D+06  3.0876D+06  3.5267D+03  2.9164D+03 -2.2094D+06 -2.2094D+06         4
  2.4881D+03  3.0625D+03  3.2968D+03  7.1580D+00  7.1580D+00  4.4799D+06  3.1492D+06  3.5332D+03  2.9315D+03 -1.9731D+06 -1.9731D+06         5
  2.5383D+03  3.1119D+03  3.3381D+03  8.4940D+00  8.4940D+00  4.5370D+06  3.2161D+06  3.5398D+03  2.9465D+03 -1.7181D+06 -1.7181D+06         5
  2.5896D+03  3.1624D+03  3.3810D+03  9.9263D+00  9.9263D+00  4.6014D+06  3.2889D+06  3.5465D+03  2.9613D+03 -1.4432D+06 -1.4432D+06         5
  2.6419D+03  3.2141D+03  3.4256D+03  1.1461D+01  1.1461D+01  4.6736D+06  3.3681D+06  3.5534D+03  2.9758D+03 -1.1474D+06 -1.1474D+06         5
  2.6953D+03  3.2669D+03  3.4719D+03  1.3105D+01  1.3105D+01  4.7541D+06  3.4542D+06  3.5604D+03  2.9902D+03 -8.3000D+05 -8.3000D+05         5
  2.7497D+03  3.3209D+03  3.5199D+03  1.4864D+01  1.4864D+01  4.8434D+06  3.5477D+06  3.5676D+03  3.0043D+03 -4.9004D+05 -4.9004D+05         5
  2.8053D+03  3.3760D+03  3.5695D+03  1.6746D+01  1.6746D+01  4.9419D+06  3.6490D+06  3.5751D+03  3.0184D+03 -1.2655D+05 -1.2655D+05         5
  2.8620D+03  3.4328D+03  3.6207D+03  1.8759D+01  1.8759D+01  5.0504D+06  3.7588D+06  3.5828D+03  3.0323D+03  2.6203D+05  2.6203D+05         5
  2.9198D+03  3.4913D+03  3.6736D+03  2.0918D+01  2.0918D+01  5.1694D+06  3.8775D+06  3.5905D+03  3.0461D+03  6.7818D+05  6.7818D+05         5
  2.9788D+03  3.5515D+03  3.7282D+03  2.3237D+01  2.3237D+01  5.2996D+06  4.0058D+06  3.5983D+03  3.0598D+03  1.1247D+06  1.1247D+06         5
  3.0389D+03  3.6136D+03  3.7846D+03  2.5732D+01  2.5732D+01  5.4417D+06  4.1444D+06  3.6061D+03  3.0733D+03  1.6045D+06  1.6045D+06         5
  3.1003D+03  3.6776D+03  3.8430D+03  2.8423D+01  2.8423D+01  5.5962D+06  4.2940D+06  3.6140D+03  3.0867D+03  2.1209D+06  2.1209D+06         5
  3.1630D+03  3.7436D+03  3.9034D+03  3.1328D+01  3.1328D+01  5.7641D+06  4.4555D+06  3.6219D+03  3.0998D+03  2.6772D+06  2.6772D+06         5
  3.2269D+03  3.8116D+03  3.9660D+03  3.4470D+01  3.4470D+01  5.9461D+06  4.6297D+06  3.6299D+03  3.1128D+03  3.2772D+06  3.2772D+06         5
  3.2920D+03  3.8817D+03  4.0307D+03  3.7872D+01  3.7872D+01  6.1433D+06  4.8177D+06  3.6378D+03  3.1256D+03  3.9248D+06  3.9248D+06         5
  3.3586D+03  3.9541D+03  4.0978D+03  4.1562D+01  4.1562D+01  6.3566D+06  5.0206D+06  3.6457D+03  3.1381D+03  4.6243D+06  4.6243D+06         5
  3.4264D+03  4.0287D+03  4.1674D+03  4.5568D+01  4.5568D+01  6.5872D+06  5.2395D+06  3.6535D+03  3.1503D+03  5.3803D+06  5.3803D+06         5
  3.4956D+03  4.1058D+03  4.2395D+03  4.9922D+01  4.9922D+01  6.8363D+06  5.4758D+06  3.6613D+03  3.1623D+03  6.1977D+06  6.1977D+06         5
  3.5662D+03  4.1853D+03  4.3143D+03  5.4661D+01  5.4661D+01  7.1053D+06  5.7308D+06  3.6689D+03  3.1740D+03  7.0818D+06  7.0818D+06         5
  3.6383D+03  4.2676D+03  4.3919D+03  5.9822D+01  5.9822D+01  7.3958D+06  6.0061D+06  3.6765D+03  3.1854D+03  8.0384D+06  8.0384D+06         5
  3.7118D+03  4.3526D+03  4.4724D+03  6.5450D+01  6.5450D+01  7.7093D+06  6.3034D+06  3.6838D+03  3.1965D+03  9.0735D+06  9.0735D+06         5
  3.7868D+03  4.4405D+03  4.5560D+03  7.1591D+01  7.1591D+01  8.0477D+06  6.6245D+06  3.6910D+03  3.2072D+03  1.0194D+07  1.0194D+07         5
  3.8633D+03  4.5314D+03  4.6429D+03  7.8298D+01  7.8298D+01  8.4129D+06  6.9716D+06  3.6980D+03  3.2175D+03  1.1406D+07  1.1406D+07         6
  3.9413D+03  4.6256D+03  4.7331D+03  8.5630D+01  8.5630D+01  8.8072D+06  7.3466D+06  3.7047D+03  3.2275D+03  1.2719D+07  1.2719D+07         6
  4.0209D+03  4.7232D+03  4.8268D+03  9.3651D+01  9.3651D+01  9.2330D+06  7.7522D+06  3.7112D+03  3.2370D+03  1.4139D+07  1.4139D+07         6
  4.1022D+03  4.8243D+03  4.9243D+03  1.0243D+02  1.0243D+02  9.6928D+06  8.1909D+06  3.7173D+03  3.2461D+03  1.5677D+07  1.5677D+07         6
  4.1850D+03  4.9292D+03  5.0257D+03  1.1205D+02  1.1205D+02  1.0189D+07  8.6656D+06  3.7231D+03  3.2547D+03  1.7341D+07  1.7341D+07         6
  4.2696D+03  5.0380D+03  5.1312D+03  1.2260D+02  1.2260D+02  1.0726D+07  9.1795D+06  3.7286D+03  3.2628D+03  1.9142D+07  1.9142D+07         6
  4.3558D+03  5.1511D+03  5.2410D+03  1.3417D+02  1.3417D+02  1.1307D+07  9.7360D+06  3.7336D+03  3.2704D+03  2.1091D+07  2.1091D+07         7
  4.4438D+03  5.2685D+03  5.3553D+03  1.4687D+02  1.4687D+02  1.1934D+07  1.0339D+07  3.7382D+03  3.2774D+03  2.3200D+07  2.3200D+07         7
  4.5336D+03  5.3906D+03  5.4745D+03  1.6082D+02  1.6082D+02  1.2614D+07  1.0992D+07  3.7423D+03  3.2838D+03  2.5482D+07  2.5482D+07         7
  4.6252D+03  5.5175D+03  5.5986D+03  1.7615D+02  1.7615D+02  1.3349D+07  1.1701D+07  3.7459D+03  3.2896D+03  2.7950D+07  2.7950D+07         7
  4.7186D+03  5.6497D+03  5.7281D+03  1.9302D+02  1.9302D+02  1.4145D+07  1.2470D+07  3.7489D+03  3.2948D+03  3.0621D+07  3.0621D+07         8
  4.8140D+03  5.7874D+03  5.8633D+03  2.1159D+02  2.1159D+02  1.5008D+07  1.3304D+07  3.7514D+03  3.2992D+03  3.3510D+07  3.3510D+07         8
  4.9112D+03  5.9309D+03  6.0043D+03  2.3203D+02  2.3203D+02  1.5944D+07  1.4210D+07  3.7532D+03  3.3029D+03  3.6635D+07  3.6635D+07         8
  5.0104D+03  6.0806D+03  6.1517D+03  2.5457D+02  2.5457D+02  1.6958D+07  1.5195D+07  3.7543D+03  3.3057D+03  4.0015D+07  4.0015D+07         9
  5.1117D+03  6.2369D+03  6.3057D+03  2.7943D+02  2.7943D+02  1.8059D+07  1.6264D+07  3.7547D+03  3.3078D+03  4.3670D+07  4.3670D+07         9
  5.2149D+03  6.4001D+03  6.4668D+03  3.0686D+02  3.0686D+02  1.9255D+07  1.7427D+07  3.7543D+03  3.3090D+03  4.7625D+07  4.7625D+07        10
  5.3203D+03  6.5706D+03  6.6353D+03  3.3717D+02  3.3717D+02  2.0554D+07  1.8693D+07  3.7531D+03  3.3093D+03  5.1902D+07  5.1902D+07        10
  5.4278D+03  6.7491D+03  6.8118D+03  3.7067D+02  3.7067D+02  2.1965D+07  2.0070D+07  3.7510D+03  3.3086D+03  5.6528D+07  5.6528D+07        11
  5.5374D+03  6.9359D+03  6.9967D+03  4.0772D+02  4.0772D+02  2.3500D+07  2.1569D+07  3.7480D+03  3.3068D+03  6.1532D+07  6.1532D+07        11
  5.6493D+03  7.1316D+03  7.1906D+03  4.4875D+02  4.4875D+02  2.5171D+07  2.3202D+07  3.7439D+03  3.3040D+03  6.6946D+07  6.6946D+07        11
  5.7634D+03  7.3368D+03  7.3941D+03  4.9422D+02  4.9422D+02  2.6989D+07  2.4983D+07  3.7389D+03  3.3001D+03  7.2804D+07  7.2804D+07        12
  5.8798D+03  7.5521D+03  7.6078D+03  5.4464D+02  5.4464D+02  2.8971D+07  2.6924D+07  3.7328D+03  3.2949D+03  7.9142D+07  7.9142D+07        13
  5.9986D+03  7.7782D+03  7.8324D+03  6.0062D+02  6.0062D+02  3.1130D+07  2.9043D+07  3.7255D+03  3.2886D+03  8.6001D+07  8.6001D+07        13
  6.1198D+03  8.0159D+03  8.0686D+03  6.6282D+02  6.6282D+02  3.3484D+07  3.1355D+07  3.7169D+03  3.2808D+03  9.3427D+07  9.3427D+07        14
  6.2434D+03  8.2661D+03  8.3173D+03  7.3201D+02  7.3201D+02  3.6054D+07  3.3881D+07  3.7071D+03  3.2717D+03  1.0147D+08  1.0147D+08        14
  6.3696D+03  8.5295D+03  8.5793D+03  8.0906D+02  8.0906D+02  3.8860D+07  3.6642D+07  3.6960D+03  3.2612D+03  1.1017D+08  1.1017D+08        15
  6.4982D+03  8.8071D+03  8.8557D+03  8.9495D+02  8.9495D+02  4.1925D+07  3.9660D+07  3.6834D+03  3.2491D+03  1.1961D+08  1.1961D+08        16
  6.6295D+03  9.1001D+03  9.1474D+03  9.9081D+02  9.9081D+02  4.5276D+07  4.2963D+07  3.6692D+03  3.2354D+03  1.2983D+08  1.2983D+08        16
  6.7635D+03  9.4097D+03  9.4557D+03  1.0979D+03  1.0979D+03  4.8942D+07  4.6579D+07  3.6536D+03  3.2200D+03  1.4091D+08  1.4091D+08        17
  6.9001D+03  9.7369D+03  9.7819D+03  1.2178D+03  1.2178D+03  5.2956D+07  5.0540D+07  3.6362D+03  3.2029D+03  1.5293D+08  1.5293D+08        18
  7.0395D+03  1.0083D+04  1.0127D+04  1.3521D+03  1.3521D+03  5.7352D+07  5.4883D+07  3.6171D+03  3.1838D+03  1.6598D+08  1.6598D+08        19
  7.1817D+03  1.0451D+04  1.0493D+04  1.5027D+03  1.5027D+03  6.2172D+07  5.9647D+07  3.5961D+03  3.1629D+03  1.8014D+08  1.8014D+08        20
  7.3268D+03  1.0840D+04  1.0882D+04  1.6720D+03  1.6720D+03  6.7460D+07  6.4876D+07  3.5733D+03  3.1398D+03  1.9552D+08  1.9552D+08        21
  7.4748D+03  1.1254D+04  1.1295D+04  1.8625D+03  1.8625D+03  7.3266D+07  7.0622D+07  3.5483D+03  3.1146D+03  2.1224D+08  2.1224D+08        22
  7.6258D+03  1.1695D+04  1.1735D+04  2.0773D+03  2.0773D+03  7.9647D+07  7.6940D+07  3.5213D+03  3.0872D+03  2.3043D+08  2.3043D+08        23
  7.7799D+03  1.2164D+04  1.2203D+04  2.3199D+03  2.3199D+03  8.6665D+07  8.3893D+07  3.4920D+03  3.0574D+03  2.5022D+08  2.5022D+08        24
  7.9370D+03  1.2665D+04  1.2703D+04  2.5944D+03  2.5944D+03  9.4392D+07  9.1551D+07  3.4603D+03  3.0250D+03  2.7178D+08  2.7178D+08        25
  8.0974D+03  1.3200D+04  1.3237D+04  2.9055D+03  2.9055D+03  1.0291D+08  9.9995D+07  3.4262D+03  2.9901D+03  2.9528D+08  2.9528D+08        26
  8.2610D+03  1.3772D+04  1.3809D+04  3.2589D+03  3.2589D+03  1.1230D+08  1.0931D+08  3.3894D+03  2.9524D+03  3.2093D+08  3.2093D+08        27
  8.4278D+03  1.4386D+04  1.4421D+04  3.6613D+03  3.6613D+03  1.2267D+08  1.1961D+08  3.3499D+03  2.9118D+03  3.4895D+08  3.4895D+08        29
  8.5981D+03  1.5045D+04  1.5079D+04  4.1205D+03  4.1205D+03  1.3414D+08  1.3099D+08  3.3076D+03  2.8681D+03  3.7959D+08  3.7959D+08        30
  8.7718D+03  1.5753D+04  1.5787D+04  4.6457D+03  4.6457D+03  1.4683D+08  1.4360D+08  3.2622D+03  2.8213D+03  4.1312D+08  4.1312D+08        31
  8.9490D+03  1.6517D+04  1.6551D+04  5.2481D+03  5.2481D+03  1.6090D+08  1.5759D+08  3.2136D+03  2.7711D+03  4.4989D+08  4.4989D+08        33
  9.1298D+03  1.7342D+04  1.7375D+04  5.9410D+03  5.9410D+03  1.7652D+08  1.7311D+08  3.1617D+03  2.7174D+03  4.9023D+08  4.9023D+08        34
  9.3142D+03  1.8235D+04  1.8267D+04  6.7402D+03  6.7402D+03  1.9388D+08  1.9038D+08  3.1063D+03  2.6599D+03  5.3458D+08  5.3458D+08        36
  9.5024D+03  1.9203D+04  1.9235D+04  7.6650D+03  7.6650D+03  2.1321D+08  2.0960D+08  3.0472D+03  2.5985D+03  5.8340D+08  5.8340D+08        37
  9.6944D+03  2.0256D+04  2.0287D+04  8.7387D+03  8.7387D+03  2.3477D+08  2.3105D+08  2.9842D+03  2.5330D+03  6.3724D+08  6.3724D+08        39
  9.8902D+03  2.1404D+04  2.1435D+04  9.9898D+03  9.9898D+03  2.5886D+08  2.5503D+08  2.9172D+03  2.4632D+03  6.9672D+08  6.9672D+08        41
  1.0090D+04  2.2659D+04  2.2689D+04  1.1453D+04  1.1453D+04  2.8583D+08  2.8189D+08  2.8458D+03  2.3888D+03  7.6257D+08  7.6257D+08        43
  1.0294D+04  2.4035D+04  2.4065D+04  1.3172D+04  1.3172D+04  3.1609D+08  3.1202D+08  2.7700D+03  2.3096D+03  8.3562D+08  8.3562D+08        45
  1.0502D+04  2.5548D+04  2.5577D+04  1.5200D+04  1.5200D+04  3.5013D+08  3.4593D+08  2.6894D+03  2.2253D+03  9.1685D+08  9.1685D+08        47
  1.0714D+04  2.7218D+04  2.7246D+04  1.7604D+04  1.7604D+04  3.8852D+08  3.8417D+08  2.6038D+03  2.1358D+03  1.0074D+09  1.0074D+09        49
  1.0930D+04  2.9067D+04  2.9095D+04  2.0469D+04  2.0469D+04  4.3192D+08  4.2743D+08  2.5131D+03  2.0406D+03  1.1087D+09  1.1087D+09        52
  1.1151D+04  3.1123D+04  3.1151D+04  2.3903D+04  2.3903D+04  4.8114D+08  4.7650D+08  2.4170D+03  1.9397D+03  1.2222D+09  1.2222D+09        54
  1.1377D+04  3.3419D+04  3.3446D+04  2.8043D+04  2.8043D+04  5.3717D+08  5.3236D+08  2.3153D+03  1.8327D+03  1.3500D+09  1.3500D+09        58
  1.1606D+04  3.5995D+04  3.6022D+04  3.3070D+04  3.3070D+04  6.0117D+08  5.9618D+08  2.2078D+03  1.7194D+03  1.4943D+09  1.4943D+09        60
  1.1841D+04  3.8901D+04  3.8927D+04  3.9218D+04  3.9218D+04  6.7458D+08  6.6939D+08  2.0945D+03  1.5997D+03  1.6579D+09  1.6579D+09        63
  1.2080D+04  4.2195D+04  4.2221D+04  4.6799D+04  4.6799D+04  7.5917D+08  7.5378D+08  1.9753D+03  1.4735D+03  1.8444D+09  1.8444D+09        66
  1.2324D+04  4.5956D+04  4.5981D+04  5.6234D+04  5.6234D+04  8.5716D+08  8.5155D+08  1.8505D+03  1.3409D+03  2.0580D+09  2.0580D+09        69
  1.2573D+04  5.0278D+04  5.0303D+04  6.8096D+04  6.8096D+04  9.7133D+08  9.6548D+08  1.7203D+03  1.2022D+03  2.3041D+09  2.3041D+09        73
  1.2827D+04  5.5286D+04  5.5310D+04  8.3182D+04  8.3182D+04  1.1052D+09  1.0991D+09  1.5857D+03  1.0581D+03  2.5895D+09  2.5895D+09        77
  1.3086D+04  6.1140D+04  6.1164D+04  1.0262D+05  1.0262D+05  1.2635D+09  1.2571D+09  1.4479D+03  9.0968D+02  2.9230D+09  2.9230D+09        81
  1.3351D+04  6.8057D+04  6.8080D+04  1.2805D+05  1.2805D+05  1.4523D+09  1.4456D+09  1.3091D+03  7.5896D+02  3.3163D+09  3.3163D+09        85
  1.3620D+04  7.6328D+04  7.6351D+04  1.6190D+05  1.6190D+05  1.6798D+09  1.6727D+09  1.1726D+03  6.0895D+02  3.7849D+09  3.7849D+09        90
  1.3895D+04  8.6362D+04  8.6385D+04  2.0792D+05  2.0792D+05  1.9573D+09  1.9499D+09  1.0430D+03  4.6405D+02  4.3503D+09  4.3503D+09        96
  1.4176D+04  9.8748D+04  9.8770D+04  2.7202D+05  2.7202D+05  2.3012D+09  2.2933D+09  9.2681D+02  3.3018D+02  5.0428D+09  5.0428D+09       102
  1.4462D+04  1.1437D+05  1.1439D+05  3.6412D+05  3.6412D+05  2.7352D+09  2.7269D+09  8.3160D+02  2.1439D+02  5.9069D+09  5.9069D+09       108
  1.4755D+04  1.3462D+05  1.3464D+05  5.0165D+05  5.0165D+05  3.2965D+09  3.2876D+09  7.6505D+02  1.2342D+02  7.0116D+09  7.0116D+09       115
  1.5053D+04  1.6185D+05  1.6187D+05  7.1775D+05  7.1775D+05  4.0460D+09  4.0364D+09  7.3220D+02  6.0905D+01  8.4697D+09  8.4697D+09       123
  1.5357D+04  2.0041D+05  2.0043D+05  1.0825D+06  1.0825D+06  5.0940D+09  5.0837D+09  7.3333D+02  2.4729D+01  1.0484D+10  1.0484D+10       133
  1.5667D+04  2.5963D+05  2.5965D+05  1.7701D+06  1.7701D+06  6.6700D+09  6.6585D+09  7.6578D+02  7.5841D+00  1.3476D+10  1.3476D+10       145


   ZERO-TEMPERATURE ISOTHERM

        RHO          P         DPDR          E          ETA       GAMMA      T(PSI=1)     THETA       GIBBS
      kg/m**3       GPa	    (m/sec)**2     J/kg                                K           K          J/kg

    3.3500D+04  2.7664D+04  1.8642D+09  5.2248D+08  1.0000D+01  1.3000D+00  1.4765D+08 -1.4394D+04  1.3483D+09
    3.0552D+04  2.2436D+04  1.6826D+09  4.5070D+08  9.1201D+00  1.2823D+00  1.2002D+08 -1.2780D+04  1.1850D+09
    2.7864D+04  1.8137D+04  1.5153D+09  3.8696D+08  8.3176D+00  1.2632D+00  9.7897D+07 -1.1367D+04  1.0379D+09
    2.5412D+04  1.4610D+04  1.3614D+09  3.3057D+08  7.5858D+00  1.2426D+00  8.0142D+07 -1.0128D+04  9.0550D+08
    2.3176D+04  1.1724D+04  1.2199D+09  2.8084D+08  6.9183D+00  1.2206D+00  6.5865D+07 -9.0415D+03  7.8672D+08
    2.1137D+04  9.3691D+03  1.0900D+09  2.3718D+08  6.3096D+00  1.1969D+00  5.4359D+07 -8.0888D+03  6.8043D+08
    1.9277D+04  7.4526D+03  9.7084D+08  1.9901D+08  5.7544D+00  1.1717D+00  4.5066D+07 -7.2528D+03  5.8561D+08
    1.7581D+04  5.8983D+03  8.6174D+08  1.6580D+08  5.2481D+00  1.1448D+00  3.7542D+07 -6.5189D+03  5.0129D+08
    1.6034D+04  4.6424D+03  7.6199D+08  1.3705D+08  4.7863D+00  1.1163D+00  3.1434D+07 -5.8742D+03  4.2659D+08
    1.4623D+04  3.6316D+03  6.7095D+08  1.1232D+08  4.3652D+00  1.0862D+00  2.6462D+07 -5.3075D+03  3.6066D+08
    1.3337D+04  2.8217D+03  5.8802D+08  9.1170D+07  3.9811D+00  1.0546D+00  2.2403D+07 -4.8092D+03  3.0274D+08
    1.2163D+04  2.1759D+03  5.1265D+08  7.3218D+07  3.6308D+00  1.0216D+00  1.9081D+07 -4.3706D+03  2.5211D+08
    1.1093D+04  1.6639D+03  4.4434D+08  5.8100D+07  3.3113D+00  9.8751D-01  1.6351D+07 -3.9843D+03  2.0809D+08
    1.0117D+04  1.2603D+03  3.8260D+08  4.5481D+07  3.0200D+00  9.5254D-01  1.4102D+07 -3.6438D+03  1.7006D+08
    9.2267D+03  9.4456D+02  3.2701D+08  3.5053D+07  2.7542D+00  9.1712D-01  1.2241D+07 -3.3432D+03  1.3743D+08
    8.4148D+03  6.9938D+02  2.7717D+08  2.6533D+07  2.5119D+00  8.8180D-01  1.0696D+07 -3.0774D+03  1.0965D+08
    7.6744D+03  5.1069D+02  2.3270D+08  1.9661D+07  2.2909D+00  8.4731D-01  9.4055D+06 -2.8419D+03  8.6205D+07
    6.9991D+03  3.6693D+02  1.9328D+08  1.4200D+07  2.0893D+00  8.1458D-01  8.3225D+06 -2.6325D+03  6.6625D+07
    6.3833D+03  2.5865D+02  1.5859D+08  9.9358D+06  1.9055D+00  7.8480D-01  7.4069D+06 -2.4457D+03  5.0456D+07
    5.8216D+03  1.7814D+02  1.2837D+08  6.6749D+06  1.7378D+00  7.5950D-01  6.6257D+06 -2.2779D+03  3.7275D+07
    5.3094D+03  1.1912D+02  1.0235D+08  4.2452D+06  1.5849D+00  7.4060D-01  5.9513D+06 -2.1259D+03  2.6681D+07
    4.8422D+03  7.6523D+01  8.0326D+07  2.4951D+06  1.4454D+00  7.3051D-01  5.3601D+06 -1.9868D+03  1.8298D+07
    4.4162D+03  4.6256D+01  6.2091D+07  1.2941D+06  1.3183D+00  7.3222D-01  4.8315D+06 -1.8576D+03  1.1768D+07
    4.0276D+03  2.5040D+01  4.7472D+07  5.3271D+05  1.2023D+00  7.4945D-01  4.3478D+06 -1.7353D+03  6.7499D+06
    3.6732D+03  1.0263D+01  3.6320D+07  1.2320D+05  1.0965D+00  7.8682D-01  3.8932D+06 -1.6171D+03  2.9172D+06
    3.3500D+03 -1.4371D-01  2.8441D+07  3.2255D+01  1.0000D+00  8.5000D-01  3.4543D+06 -1.5000D+03 -4.2865D+04
    3.0552D+03 -7.1647D+00  1.9403D+07  1.1476D+05  9.1201D-01  9.1318D-01  3.0267D+06 -1.3827D+03 -2.2303D+06
    2.7864D+03 -1.1394D+01  1.2234D+07  4.1490D+05  8.3176D-01  9.5055D-01  2.6279D+06 -1.2688D+03 -3.6744D+06
    2.5412D+03 -1.3684D+01  6.5841D+06  8.5427D+05  7.5858D-01  9.6778D-01  2.2703D+06 -1.1613D+03 -4.5305D+06
    2.3176D+03 -1.4649D+01  2.1646D+06  1.3958D+06  6.9183D-01  9.6949D-01  1.9581D+06 -1.0621D+03 -4.9249D+06
    2.1137D+03 -1.4732D+01 -1.2585D+06  2.0098D+06  6.3096D-01  9.5940D-01  1.6902D+06 -9.7175D+02 -4.9598D+06
    1.9277D+03 -1.4247D+01 -3.8770D+06  2.6727D+06  5.7544D-01  9.4050D-01  1.4630D+06 -8.9029D+02 -4.7178D+06
    1.7581D+03 -1.3416D+01 -5.8474D+06  3.3656D+06  5.2481D-01  9.1520D-01  1.2715D+06 -8.1733D+02 -4.2655D+06
    1.6034D+03 -1.2395D+01 -7.2971D+06  4.0740D+06  4.7863D-01  8.8542D-01  1.1107D+06 -7.5227D+02 -3.6566D+06
    1.4623D+03 -1.1290D+01 -8.3301D+06  4.7863D+06  4.3652D-01  8.5269D-01  9.7584D+05 -6.9439D+02 -2.9341D+06
    1.3337D+03 -1.0170D+01 -9.0311D+06  5.4936D+06  3.9811D-01  8.1820D-01  8.6272D+05 -6.4296D+02 -2.1323D+06
    1.2163D+03 -9.0830D+00 -9.4689D+06  6.1891D+06  3.6308D-01  7.8288D-01  7.6764D+05 -5.9725D+02 -1.2786D+06
    1.1093D+03 -8.0559D+00 -9.6994D+06  6.8678D+06  3.3113D-01  7.4746D-01  6.8751D+05 -5.5661D+02 -3.9444D+05
    1.0117D+03 -7.1047D+00 -9.7677D+06  7.5258D+06  3.0199D-01  7.1249D-01  6.1975D+05 -5.2042D+02  5.0315D+05
    9.2267D+02 -6.2369D+00 -9.7107D+06  8.1607D+06  2.7542D-01  6.7837D-01  5.6224D+05 -4.8814D+02  1.4010D+06
    8.4148D+02 -5.4541D+00 -9.5579D+06  8.7705D+06  2.5119D-01  6.4541D-01  5.1323D+05 -4.5927D+02  2.2890D+06
    7.6744D+02 -4.7542D+00 -9.3332D+06  9.3543D+06  2.2909D-01  6.1381D-01  4.7129D+05 -4.3340D+02  3.1594D+06
    6.9991D+02 -4.1330D+00 -9.0556D+06  9.9116D+06  2.0893D-01  5.8372D-01  4.3524D+05 -4.1015D+02  4.0066D+06
    6.3833D+02 -3.5847D+00 -8.7405D+06  1.0442D+07  1.9055D-01  5.5521D-01  4.0413D+05 -3.8920D+02  4.8264D+06
    5.8216D+02 -3.1031D+00 -8.4001D+06  1.0946D+07  1.7378D-01  5.2833D-01  3.7715D+05 -3.7026D+02  5.6159D+06
    5.3094D+02 -2.6817D+00 -8.0440D+06  1.1424D+07  1.5849D-01  5.0307D-01  3.5368D+05 -3.5309D+02  6.3733D+06
    4.8422D+02 -2.3143D+00 -7.6799D+06  1.1877D+07  1.4454D-01  4.7943D-01  3.3316D+05 -3.3747D+02  7.0974D+06
    4.4162D+02 -1.9947D+00 -7.3137D+06  1.2305D+07  1.3183D-01  4.5736D-01  3.1515D+05 -3.2323D+02  7.7879D+06
    4.0276D+02 -1.7175D+00 -6.9501D+06  1.2709D+07  1.2023D-01  4.3680D-01  2.9930D+05 -3.1019D+02  8.4447D+06
    3.6732D+02 -1.4775D+00 -6.5924D+06  1.3091D+07  1.0965D-01  4.1771D-01  2.8527D+05 -2.9823D+02  9.0683D+06
    3.3500D+02 -1.2700D+00 -6.2433D+06  1.3450D+07  1.0000D-01  4.0000D-01  2.7283D+05 -2.8721D+02  9.6594D+06
    3.0552D+02 -1.0909D+00 -5.9048D+06  1.3789D+07  9.1201D-02  3.8361D-01  2.6175D+05 -2.7703D+02  1.0219D+07
    2.7864D+02 -9.3652D-01 -5.5782D+06  1.4108D+07  8.3176D-02  3.6845D-01  2.5186D+05 -2.6760D+02  1.0747D+07
    2.5412D+02 -8.0357D-01 -5.2644D+06  1.4409D+07  7.5858D-02  3.5446D-01  2.4298D+05 -2.5884D+02  1.1247D+07
    2.3176D+02 -6.8919D-01 -4.9641D+06  1.4691D+07  6.9183D-02  3.4156D-01  2.3501D+05 -2.5068D+02  1.1718D+07
    2.1137D+02 -5.9086D-01 -4.6773D+06  1.4957D+07  6.3096D-02  3.2968D-01  2.2781D+05 -2.4305D+02  1.2161D+07
    1.9277D+02 -5.0639D-01 -4.4044D+06  1.5207D+07  5.7544D-02  3.1875D-01  2.2129D+05 -2.3590D+02  1.2580D+07
    1.7581D+02 -4.3387D-01 -4.1450D+06  1.5441D+07  5.2481D-02  3.0870D-01  2.1538D+05 -2.2918D+02  1.2973D+07
    1.6034D+02 -3.7164D-01 -3.8990D+06  1.5661D+07  4.7863D-02  2.9947D-01  2.1000D+05 -2.2286D+02  1.3344D+07
    1.4623D+02 -3.1827D-01 -3.6661D+06  1.5868D+07  4.3651D-02  2.9099D-01  2.0509D+05 -2.1688D+02  1.3692D+07
    1.3337D+02 -2.7250D-01 -3.4458D+06  1.6063D+07  3.9811D-02  2.8322D-01  2.0059D+05 -2.1122D+02  1.4019D+07
    1.2163D+02 -2.3328D-01 -3.2377D+06  1.6245D+07  3.6308D-02  2.7608D-01  1.9646D+05 -2.0585D+02  1.4327D+07
    1.1093D+02 -1.9968D-01 -3.0414D+06  1.6416D+07  3.3113D-02  2.6955D-01  1.9266D+05 -2.0074D+02  1.4616D+07
    1.0117D+02 -1.7089D-01 -2.8562D+06  1.6577D+07  3.0199D-02  2.6356D-01  1.8915D+05 -1.9588D+02  1.4888D+07
    9.2266D+01 -1.4624D-01 -2.6818D+06  1.6727D+07  2.7542D-02  2.5808D-01  1.8590D+05 -1.9123D+02  1.5143D+07
    8.4148D+01 -1.2513D-01 -2.5176D+06  1.6869D+07  2.5119D-02  2.5306D-01  1.8288D+05 -1.8678D+02  1.5382D+07
    7.6744D+01 -1.0706D-01 -2.3630D+06  1.7002D+07  2.2909D-02  2.4847D-01  1.8007D+05 -1.8251D+02  1.5607D+07
    6.9991D+01 -9.1588D-02 -2.2176D+06  1.7126D+07  2.0893D-02  2.4426D-01  1.7745D+05 -1.7842D+02  1.5817D+07
    6.3833D+01 -7.8350D-02 -2.0809D+06  1.7243D+07  1.9055D-02  2.4042D-01  1.7499D+05 -1.7448D+02  1.6015D+07
    5.8216D+01 -6.7021D-02 -1.9524D+06  1.7352D+07  1.7378D-02  2.3691D-01  1.7268D+05 -1.7069D+02  1.6201D+07
    5.3094D+01 -5.7328D-02 -1.8317D+06  1.7455D+07  1.5849D-02  2.3370D-01  1.7052D+05 -1.6703D+02  1.6375D+07
    4.8422D+01 -4.9034D-02 -1.7183D+06  1.7551D+07  1.4454D-02  2.3076D-01  1.6847D+05 -1.6350D+02  1.6539D+07
    4.4161D+01 -4.1939D-02 -1.6118D+06  1.7642D+07  1.3183D-02  2.2808D-01  1.6653D+05 -1.6008D+02  1.6692D+07
    4.0276D+01 -3.5869D-02 -1.5119D+06  1.7726D+07  1.2023D-02  2.2563D-01  1.6470D+05 -1.5677D+02  1.6836D+07
    3.6732D+01 -3.0676D-02 -1.4180D+06  1.7806D+07  1.0965D-02  2.2339D-01  1.6295D+05 -1.5356D+02  1.6971D+07
    3.3500D+01 -2.6235D-02 -1.3299D+06  1.7880D+07  1.0000D-02  2.2135D-01  1.6129D+05 -1.5045D+02  1.7097D+07
    3.0552D+01 -2.2436D-02 -1.2472D+06  1.7950D+07  9.1201D-03  2.1948D-01  1.5970D+05 -1.4742D+02  1.7216D+07
    2.7864D+01 -1.9187D-02 -1.1697D+06  1.8016D+07  8.3176D-03  2.1778D-01  1.5818D+05 -1.4448D+02  1.7327D+07
    2.5412D+01 -1.6408D-02 -1.0969D+06  1.8077D+07  7.5858D-03  2.1622D-01  1.5672D+05 -1.4163D+02  1.7431D+07
    2.3176D+01 -1.4032D-02 -1.0286D+06  1.8135D+07  6.9183D-03  2.1480D-01  1.5532D+05 -1.3884D+02  1.7529D+07
    2.1137D+01 -1.1999D-02 -9.6453D+05  1.8189D+07  6.3096D-03  2.1351D-01  1.5396D+05 -1.3613D+02  1.7621D+07
    1.9277D+01 -1.0261D-02 -9.0444D+05  1.8239D+07  5.7544D-03  2.1232D-01  1.5266D+05 -1.3349D+02  1.7707D+07
    1.7581D+01 -8.7743D-03 -8.4808D+05  1.8287D+07  5.2481D-03  2.1124D-01  1.5140D+05 -1.3091D+02  1.7788D+07
    1.6034D+01 -7.5031D-03 -7.9522D+05  1.8331D+07  4.7863D-03  2.1026D-01  1.5017D+05 -1.2839D+02  1.7863D+07
    1.4623D+01 -6.4160D-03 -7.4564D+05  1.8373D+07  4.3651D-03  2.0936D-01  1.4898D+05 -1.2594D+02  1.7934D+07
    1.3337D+01 -5.4863D-03 -6.9914D+05  1.8412D+07  3.9811D-03  2.0854D-01  1.4783D+05 -1.2354D+02  1.8001D+07
    1.2163D+01 -4.6914D-03 -6.5554D+05  1.8449D+07  3.6308D-03  2.0779D-01  1.4670D+05 -1.2119D+02  1.8063D+07
    1.1093D+01 -4.0116D-03 -6.1465D+05  1.8483D+07  3.3113D-03  2.0710D-01  1.4560D+05 -1.1890D+02  1.8122D+07
    1.0117D+01 -3.4303D-03 -5.7631D+05  1.8516D+07  3.0199D-03  2.0648D-01  1.4453D+05 -1.1665D+02  1.8176D+07
    9.2266D+00 -2.9332D-03 -5.4035D+05  1.8546D+07  2.7542D-03  2.0591D-01  1.4348D+05 -1.1446D+02  1.8228D+07
    8.4148D+00 -2.5081D-03 -5.0663D+05  1.8574D+07  2.5119D-03  2.0539D-01  1.4246D+05 -1.1231D+02  1.8276D+07
    7.6744D+00 -2.1447D-03 -4.7502D+05  1.8601D+07  2.2909D-03  2.0492D-01  1.4145D+05 -1.1021D+02  1.8321D+07
    6.9991D+00 -1.8339D-03 -4.4538D+05  1.8626D+07  2.0893D-03  2.0449D-01  1.4046D+05 -1.0815D+02  1.8364D+07
    6.3833D+00 -1.5681D-03 -4.1758D+05  1.8649D+07  1.9055D-03  2.0409D-01  1.3949D+05 -1.0613D+02  1.8403D+07
    5.8216D+00 -1.3409D-03 -3.9152D+05  1.8671D+07  1.7378D-03  2.0373D-01  1.3854D+05 -1.0416D+02  1.8441D+07
    5.3094D+00 -1.1465D-03 -3.6708D+05  1.8691D+07  1.5849D-03  2.0340D-01  1.3760D+05 -1.0223D+02  1.8476D+07
    4.8422D+00 -9.8037D-04 -3.4417D+05  1.8711D+07  1.4454D-03  2.0310D-01  1.3668D+05 -1.0033D+02  1.8508D+07
    4.4161D+00 -8.3829D-04 -3.2268D+05  1.8729D+07  1.3183D-03  2.0283D-01  1.3577D+05 -9.8471D+01  1.8539D+07
    4.0276D+00 -7.1680D-04 -3.0254D+05  1.8746D+07  1.2023D-03  2.0258D-01  1.3487D+05 -9.6650D+01  1.8568D+07
    3.6732D+00 -6.1292D-04 -2.8365D+05  1.8762D+07  1.0965D-03  2.0236D-01  1.3398D+05 -9.4864D+01  1.8595D+07
    3.3500D+00 -5.2409D-04 -2.6595D+05  1.8777D+07  1.0000D-03  2.0215D-01  1.3311D+05 -9.3113D+01  1.8620D+07


   HUGONIOT

      RHO          T           P          PC           E           S           V           U       RHO/RHOO  #IT  STATE
    kg/m**3        K          GPa        GPa          J/kg      J/kg-K       km/sec      km/sec

  2.9400D+03  2.9803D+02 -9.0363D+00 -9.2145D+00  2.8742D+05  2.9590D+02  4.0366D+00  0.0000D+00  1.0000D+00  0  INITIAL
  2.9797D+03  3.0175D+02 -8.3676D+00 -8.5493D+00  2.4796D+05  2.9598D+02  4.1305D+00  5.5072D-02  1.0135D+00  3  SOLID  
  3.0096D+03  3.0465D+02 -7.8352D+00 -8.0197D+00  2.2102D+05  2.9631D+02  4.2018D+00  9.7233D-02  1.0237D+00  3  SOLID  
  3.0378D+03  3.0755D+02 -7.3108D+00 -7.4984D+00  1.9790D+05  2.9704D+02  4.2694D+00  1.3747D-01  1.0333D+00  3  SOLID  
  3.0639D+03  3.1045D+02 -6.8046D+00 -6.9952D+00  1.7847D+05  2.9820D+02  4.3324D+00  1.7521D-01  1.0421D+00  3  SOLID  
  3.0879D+03  3.1335D+02 -6.3213D+00 -6.5152D+00  1.6231D+05  2.9980D+02  4.3908D+00  2.1032D-01  1.0503D+00  3  SOLID  
  3.1100D+03  3.1625D+02 -5.8623D+00 -6.0597D+00  1.4895D+05  3.0179D+02  4.4447D+00  2.4290D-01  1.0578D+00  3  SOLID  
  3.1302D+03  3.1916D+02 -5.4268D+00 -5.6279D+00  1.3793D+05  3.0413D+02  4.4946D+00  2.7316D-01  1.0647D+00  3  SOLID  
  3.1490D+03  3.2206D+02 -5.0131D+00 -5.2180D+00  1.2885D+05  3.0677D+02  4.5408D+00  3.0136D-01  1.0711D+00  3  SOLID  
  3.1664D+03  3.2496D+02 -4.6192D+00 -4.8281D+00  1.2137D+05  3.0967D+02  4.5840D+00  3.2775D-01  1.0770D+00  3  SOLID  
  3.1826D+03  3.2786D+02 -4.2431D+00 -4.4560D+00  1.1525D+05  3.1278D+02  4.6244D+00  3.5255D-01  1.0825D+00  3  SOLID  
  3.1979D+03  3.3076D+02 -3.8827D+00 -4.0998D+00  1.1025D+05  3.1608D+02  4.6625D+00  3.7596D-01  1.0877D+00  3  SOLID  
  3.2738D+03  3.4817D+02 -1.9715D+00 -2.2157D+00  9.6522D+04  3.3869D+02  4.8544D+00  4.9501D-01  1.1136D+00  4  SOLID  
  3.3672D+03  3.7718D+02  6.4383D-01  3.4844D-01  1.0635D+05  3.8213D+02  5.0945D+00  6.4630D-01  1.1453D+00  4  SOLID  
  3.4424D+03  4.0620D+02  2.9313D+00  2.5787D+00  1.3590D+05  4.2826D+02  5.2813D+00  7.7076D-01  1.1709D+00  3  SOLID  
  3.5076D+03  4.3521D+02  5.0294D+00  4.6140D+00  1.7715D+05  4.7546D+02  5.4375D+00  8.7986D-01  1.1930D+00  3  SOLID  
  3.5653D+03  4.6423D+02  6.9870D+00  6.5036D+00  2.2629D+05  5.2313D+02  5.5744D+00  9.7771D-01  1.2127D+00  3  SOLID  
  3.6650D+03  5.2225D+02  1.0600D+01  9.9670D+00  3.4003D+05  6.1840D+02  5.8106D+00  1.1495D+00  1.2466D+00  3  SOLID  
  3.7498D+03  5.8028D+02  1.3928D+01  1.3128D+01  4.6706D+05  7.1202D+02  6.0141D+00  1.2988D+00  1.2754D+00  3  SOLID  
  3.8240D+03  6.3831D+02  1.7051D+01  1.6071D+01  6.0251D+05  8.0298D+02  6.1954D+00  1.4322D+00  1.3007D+00  3  SOLID  
  3.8903D+03  6.9634D+02  2.0017D+01  1.8843D+01  7.4359D+05  8.9080D+02  6.3603D+00  1.5537D+00  1.3232D+00  3  SOLID  
  4.0054D+03  8.1239D+02  2.5589D+01  2.3996D+01  1.0362D+06  1.0564D+03  6.6541D+00  1.7699D+00  1.3624D+00  3  SOLID  
  4.1035D+03  9.2845D+02  3.0796D+01  2.8745D+01  1.3367D+06  1.2088D+03  6.9125D+00  1.9600D+00  1.3957D+00  3  SOLID  
  4.1893D+03  1.0445D+03  3.5720D+01  3.3182D+01  1.6407D+06  1.3491D+03  7.1448D+00  2.1307D+00  1.4249D+00  3  SOLID  
  4.2657D+03  1.1606D+03  4.0418D+01  3.7365D+01  1.9461D+06  1.4786D+03  7.3569D+00  2.2864D+00  1.4509D+00  3  SOLID  
  4.3979D+03  1.3927D+03  4.9275D+01  4.5129D+01  2.5560D+06  1.7101D+03  7.7350D+00  2.5642D+00  1.4959D+00  3  SOLID  
  4.5100D+03  1.6248D+03  5.7573D+01  5.2262D+01  3.1609D+06  1.9116D+03  8.0674D+00  2.8084D+00  1.5340D+00  3  SOLID  
  4.6077D+03  1.8569D+03  6.5437D+01  5.8903D+01  3.7591D+06  2.0896D+03  8.3659D+00  3.0279D+00  1.5672D+00  3  SOLID  
  4.6945D+03  2.0890D+03  7.2953D+01  6.5145D+01  4.3500D+06  2.2487D+03  8.6382D+00  3.2284D+00  1.5968D+00  3  SOLID  
  4.7728D+03  2.3211D+03  8.0181D+01  7.1056D+01  4.9337D+06  2.3923D+03  8.8895D+00  3.4137D+00  1.6234D+00  3  SOLID  
  4.9411D+03  2.9014D+03  9.7262D+01  8.4684D+01  6.3639D+06  2.6996D+03  9.4486D+00  3.8266D+00  1.6806D+00  3  SOLID  
  5.0814D+03  3.4817D+03  1.1327D+02  9.7051D+01  7.7582D+06  2.9530D+03  9.9357D+00  4.1871D+00  1.7284D+00  3  SOLID  
  5.2026D+03  4.0620D+03  1.2850D+02  1.0847D+02  9.1229D+06  3.1686D+03  1.0371D+01  4.5105D+00  1.7696D+00  3  SOLID  
  5.4901D+03  4.6423D+03  1.7297D+02  1.3843D+02  1.3237D+07  3.7560D+03  1.1545D+01  5.3624D+00  1.8674D+00  3  LIQUID 
  5.5617D+03  5.2225D+03  1.8491D+02  1.4653D+02  1.4387D+07  3.9041D+03  1.1830D+01  5.5765D+00  1.8917D+00  3  LIQUID 
  5.6290D+03  5.8028D+03  1.9669D+02  1.5437D+02  1.5533D+07  4.0377D+03  1.2103D+01  5.7817D+00  1.9146D+00  3  LIQUID 
  5.6923D+03  6.3831D+03  2.0833D+02  1.6198D+02  1.6675D+07  4.1594D+03  1.2366D+01  5.9790D+00  1.9362D+00  3  LIQUID 
  5.7522D+03  6.9634D+03  2.1983D+02  1.6936D+02  1.7814D+07  4.2712D+03  1.2619D+01  6.1692D+00  1.9565D+00  3  LIQUID 
  5.8091D+03  7.5437D+03  2.3122D+02  1.7654D+02  1.8950D+07  4.3746D+03  1.2863D+01  6.3530D+00  1.9759D+00  3  LIQUID 
  5.8632D+03  8.1239D+03  2.4249D+02  1.8353D+02  2.0082D+07  4.4708D+03  1.3100D+01  6.5310D+00  1.9943D+00  3  LIQUID 
  5.9149D+03  8.7042D+03  2.5367D+02  1.9034D+02  2.1212D+07  4.5606D+03  1.3329D+01  6.7038D+00  2.0119D+00  3  LIQUID 
  5.9643D+03  9.2845D+03  2.6475D+02  1.9699D+02  2.2339D+07  4.6450D+03  1.3552D+01  6.8718D+00  2.0287D+00  3  LIQUID 
  6.0117D+03  9.8648D+03  2.7576D+02  2.0349D+02  2.3465D+07  4.7245D+03  1.3769D+01  7.0353D+00  2.0448D+00  3  LIQUID 
  6.0572D+03  1.0445D+04  2.8670D+02  2.0985D+02  2.4589D+07  4.7997D+03  1.3981D+01  7.1949D+00  2.0603D+00  3  LIQUID 
  6.1011D+03  1.1025D+04  2.9757D+02  2.1608D+02  2.5711D+07  4.8710D+03  1.4187D+01  7.3507D+00  2.0752D+00  3  LIQUID 
  6.1434D+03  1.1606D+04  3.0838D+02  2.2218D+02  2.6833D+07  4.9388D+03  1.4389D+01  7.5031D+00  2.0896D+00  2  LIQUID 
  6.2238D+03  1.2766D+04  3.2985D+02  2.3406D+02  2.9075D+07  5.0653D+03  1.4781D+01  7.7986D+00  2.1169D+00  3  LIQUID 
  6.2993D+03  1.3927D+04  3.5116D+02  2.4553D+02  3.1316D+07  5.1813D+03  1.5157D+01  8.0830D+00  2.1426D+00  3  LIQUID 
  6.3706D+03  1.5087D+04  3.7234D+02  2.5664D+02  3.3559D+07  5.2885D+03  1.5521D+01  8.3578D+00  2.1669D+00  3  LIQUID 
  6.4381D+03  1.6248D+04  3.9341D+02  2.6743D+02  3.5805D+07  5.3882D+03  1.5872D+01  8.6241D+00  2.1898D+00  3  LIQUID 
  6.5024D+03  1.7408D+04  4.1440D+02  2.7793D+02  3.8056D+07  5.4814D+03  1.6214D+01  8.8828D+00  2.2117D+00  3  LIQUID 
  6.6223D+03  1.9730D+04  4.5621D+02  2.9815D+02  4.2575D+07  5.6516D+03  1.6870D+01  9.3804D+00  2.2525D+00  3  LIQUID 
  6.7849D+03  2.3211D+04  5.1870D+02  3.2683D+02  4.9406D+07  5.8750D+03  1.7798D+01  1.0086D+01  2.3078D+00  3  LIQUID 
  7.0205D+03  2.9014D+04  6.2281D+02  3.7108D+02  6.0957D+07  6.1872D+03  1.9229D+01  1.1176D+01  2.3879D+00  3  LIQUID 
  7.2233D+03  3.4817D+04  7.2727D+02  4.1171D+02  7.2720D+07  6.4481D+03  2.0551D+01  1.2186D+01  2.4569D+00  3  LIQUID 
  7.5585D+03  4.6423D+04  9.3763D+02  4.8410D+02  9.6784D+07  6.8736D+03  2.2956D+01  1.4027D+01  2.5709D+00  3  LIQUID 
  7.8253D+03  5.8028D+04  1.1493D+03  5.4647D+02  1.2136D+08  7.2185D+03  2.5122D+01  1.5684D+01  2.6617D+00  3  LIQUID 
  8.0425D+03  6.9634D+04  1.3616D+03  6.0037D+02  1.4623D+08  7.5119D+03  2.7108D+01  1.7199D+01  2.7355D+00  3  LIQUID 
  8.2223D+03  8.1239D+04  1.5740D+03  6.4715D+02  1.7128D+08  7.7691D+03  2.8951D+01  1.8599D+01  2.7967D+00  3  LIQUID 
  8.3733D+03  9.2845D+04  1.7862D+03  6.8793D+02  1.9641D+08  7.9991D+03  3.0676D+01  1.9905D+01  2.8481D+00  3  LIQUID 
  8.5017D+03  1.0445D+05  1.9980D+03  7.2368D+02  2.2158D+08  8.2077D+03  3.2304D+01  2.1133D+01  2.8917D+00  3  LIQUID 
  8.6125D+03  1.1606D+05  2.2101D+03  7.5536D+02  2.4683D+08  8.3996D+03  3.3853D+01  2.2297D+01  2.9294D+00  3  LIQUID 


 EOS package call numbers
        ANEOS number =      -1        ALL 
 Calls to
 ANEOS                     1212      1212
 ANEOS1                   28269     28269
 ANION2                   31159     31159
 ANEOS1 from ANEOSV         915       915
 ANELSM from ANEOSV        1212      1212
 ANELSM                    1212      1212
 ANEOS1 from ANELSM       27354     27354
 ANEOS1/ANEOSV        2.332E+01 2.332E+01
 ANION2 iter. count   1.664E+00 1.664E+00
 Calls to eos tables =         0
